#RHEL family

Loaded plugins: fastestmirror, security
Loading mirror speeds from cached hostfile
 * base: mirror.as24220.net
 * extras: mirror.as24220.net
 * updates: centos.vic.au.glomirror.com.au
Setting up Install Process
Package puppet-3.7.1-1.el6.noarch already installed and latest version
Package 1:facter-2.2.0-1.el6.x86_64 already installed and latest version
Package git-1.7.1-3.el6_4.1.x86_64 already installed and latest version
Nothing to do
Loaded plugins: fastestmirror, security
Loading mirror speeds from cached hostfile
 * base: mirror.as24220.net
 * extras: mirror.as24220.net
 * updates: centos.vic.au.glomirror.com.au
Setting up Install Process
Package httpd-devel-2.2.15-31.el6.centos.x86_64 already installed and latest version
Package apr-util-devel-1.3.9-3.el6_0.1.x86_64 already installed and latest version
Package libcurl-devel-7.19.7-37.el6_5.3.x86_64 already installed and latest version
Package openssl-devel-1.0.1e-16.el6_5.15.x86_64 already installed and latest version
Package apr-devel-1.3.9-5.el6_2.x86_64 already installed and latest version
Nothing to do
/vagrant/rea_test
[mNotice: Compiled catalog for localhost.home in environment production in 2.77 seconds[0m
[mNotice: /Stage[main]/Rbenv::Dependencies::Centos/Package[libtool]/ensure: created[0m
[mNotice: /Stage[main]/Concat::Setup/File[/var/lib/puppet/concat]/ensure: created[0m
[mNotice: /Stage[main]/Concat::Setup/File[/var/lib/puppet/concat/bin]/ensure: created[0m
[mNotice: /Stage[main]/Concat::Setup/File[/var/lib/puppet/concat/bin/concatfragments.sh]/ensure: defined content as '{md5}7bbe7c5fce25a5ddd20415d909ba44fc'[0m
[mNotice: /Stage[main]/Main/User[appuser1]/ensure: created[0m
[mNotice: /Stage[main]/Rbenv::Dependencies::Centos/Package[flex]/ensure: created[0m
[mNotice: /Stage[main]/Main/File[/home/appuser1]/mode: mode changed '0700' to '0755'[0m
[mNotice: /Stage[main]/Rbenv::Dependencies::Centos/Package[bison]/ensure: created[0m
[mNotice: /Stage[main]/Main/File[/home/appuser1/localhost.localdomain]/ensure: created[0m
[mNotice: /Stage[main]/Main/File[/home/appuser1/localhost.localdomain/simple-sinatra]/ensure: created[0m
[mNotice: /Stage[main]/Main/File[/home/appuser1/localhost.localdomain/logs]/ensure: created[0m
[mNotice: /Stage[main]/Apache::Mod::Mime/Apache::Mod[mime]/File[mime.load]/ensure: defined content as '{md5}e36257b9efab01459141d423cae57c7c'[0m
[mNotice: /Stage[main]/Apache::Default_mods/Apache::Mod[expires]/File[expires.load]/ensure: defined content as '{md5}f0825bad1e470de86ffabeb86dcc5d95'[0m
[mNotice: /Stage[main]/Apache::Mod::Dav/Apache::Mod[dav]/File[dav.load]/ensure: defined content as '{md5}588e496251838c4840c14b28b5aa7881'[0m
[mNotice: /Stage[main]/Apache::Default_mods/Apache::Mod[authz_owner]/File[authz_owner.load]/ensure: defined content as '{md5}f30a9be1016df87f195449d9e02d1857'[0m
[mNotice: /Stage[main]/Apache::Mod::Prefork/File[/etc/httpd/conf.d/prefork.conf]/ensure: defined content as '{md5}109c4f51dac10fc1b39373855e566d01'[0m
[mNotice: /Stage[main]/Apache::Default_mods/Apache::Mod[authz_groupfile]/File[authz_groupfile.load]/ensure: defined content as '{md5}ae005a36b3ac8c20af36c434561c8a75'[0m
[mNotice: /Stage[main]/Apache::Default_mods/Apache::Mod[authn_dbm]/File[authn_dbm.load]/ensure: defined content as '{md5}90ee8f8ef1a017cacadfda4225e10651'[0m
[mNotice: /Stage[main]/Apache::Default_mods/Apache::Mod[authz_user]/File[authz_user.load]/ensure: defined content as '{md5}63594303ee808423679b1ea13dd5a784'[0m
[mNotice: /Stage[main]/Apache::Default_mods/Apache::Mod[log_config]/File[log_config.load]/ensure: defined content as '{md5}785d35cb285e190d589163b45263ca89'[0m
[mNotice: /Stage[main]/Apache::Default_mods/Apache::Mod[logio]/File[logio.load]/ensure: defined content as '{md5}084533c7a44e9129d0e6df952e2472b6'[0m
[mNotice: /Stage[main]/Apache::Mod::Mime/File[mime.conf]/ensure: defined content as '{md5}2fa646fe615e44d137a5d629f868c107'[0m
[mNotice: /Stage[main]/Apache::Default_mods/Apache::Mod[version]/File[version.load]/ensure: defined content as '{md5}1c9243de22ace4dc8266442c48ae0c92'[0m
[mNotice: /Stage[main]/Apache::Mod::Setenvif/File[setenvif.conf]/ensure: defined content as '{md5}c7ede4173da1915b7ec088201f030c28'[0m
[mNotice: /Stage[main]/Apache::Mod::Actions/Apache::Mod[actions]/File[actions.load]/ensure: defined content as '{md5}599866dfaf734f60f7e2d41ee8235515'[0m
[mNotice: /Stage[main]/Apache::Mod::Deflate/File[deflate.conf]/ensure: defined content as '{md5}35506746efa82c4e203c8a724980bdc6'[0m
[mNotice: /Stage[main]/Apache/File[/etc/httpd/conf/httpd.conf]/content: content changed '{md5}27a5c8d9e75351b08b8ca1171e8a0bbd' to '{md5}8fd912071ea548ed38bc25bdab509cf7'[0m
[mNotice: /Stage[main]/Apache::Mod::Negotiation/File[negotiation.conf]/ensure: defined content as '{md5}47284b5580b986a6ba32580b6ffb9fd7'[0m
[mNotice: /Stage[main]/Apache::Mod::Alias/Apache::Mod[alias]/File[alias.load]/ensure: defined content as '{md5}3cf2fa309ccae4c29a4b875d0894cd79'[0m
[mNotice: /Stage[main]/Apache::Default_mods/Apache::Mod[env]/File[env.load]/ensure: defined content as '{md5}d74184d40d0ee24ba02626a188ee7e1a'[0m
[mNotice: /Stage[main]/Apache::Mod::Negotiation/Apache::Mod[negotiation]/File[negotiation.load]/ensure: defined content as '{md5}d262ee6a5f20d9dd7f87770638dc2ccd'[0m
[mNotice: /Stage[main]/Apache::Default_mods/Apache::Mod[authz_dbm]/File[authz_dbm.load]/ensure: defined content as '{md5}c1363277984d22f99b70f7dce8753b60'[0m
[mNotice: /Stage[main]/Apache::Mod::Dir/File[dir.conf]/ensure: defined content as '{md5}c741d8ea840e6eb999d739eed47c69d7'[0m
[mNotice: /Stage[main]/Apache::Default_mods/Apache::Mod[usertrack]/File[usertrack.load]/ensure: defined content as '{md5}e95fbbf030fabec98b948f8dc217775c'[0m
[mNotice: /Stage[main]/Apache::Mod::Vhost_alias/Apache::Mod[vhost_alias]/File[vhost_alias.load]/ensure: defined content as '{md5}eca907865997d50d5130497665c3f82e'[0m
[mNotice: /Stage[main]/Apache::Mod::Setenvif/Apache::Mod[setenvif]/File[setenvif.load]/ensure: defined content as '{md5}ec6c99f7cc8e35bdbcf8028f652c9f6d'[0m
[mNotice: /Stage[main]/Apache/Apache::Vhost[default]/Concat[15-default.conf]/File[/var/lib/puppet/concat/15-default.conf]/ensure: created[0m
[mNotice: /Stage[main]/Apache/Apache::Vhost[default]/Concat[15-default.conf]/File[/var/lib/puppet/concat/15-default.conf/fragments]/ensure: created[0m
[mNotice: /Stage[main]/Apache/Apache::Vhost[default]/Concat::Fragment[default-file_footer]/File[/var/lib/puppet/concat/15-default.conf/fragments/999_default-file_footer]/ensure: defined content as '{md5}e27b2525783e590ca1820f1e2118285d'[0m
[mNotice: /Stage[main]/Apache/Apache::Vhost[default]/Concat::Fragment[default-docroot]/File[/var/lib/puppet/concat/15-default.conf/fragments/10_default-docroot]/ensure: defined content as '{md5}6faaccbc7ca8bc885ebf139223885d52'[0m
[mNotice: /Stage[main]/Apache/Apache::Vhost[default]/Concat::Fragment[default-serversignature]/File[/var/lib/puppet/concat/15-default.conf/fragments/80_default-serversignature]/ensure: defined content as '{md5}9bf5a458783ab459e5043e1cdf671fa7'[0m
[mNotice: /Stage[main]/Apache/Apache::Vhost[default]/Concat::Fragment[default-apache-header]/File[/var/lib/puppet/concat/15-default.conf/fragments/0_default-apache-header]/ensure: defined content as '{md5}c46eea5ff4d7874403fa7a9228888f0e'[0m
[mNotice: /Stage[main]/Apache/Apache::Vhost[default]/Concat[15-default.conf]/File[/var/lib/puppet/concat/15-default.conf/fragments.concat]/ensure: created[0m
[mNotice: /Stage[main]/Apache::Default_mods/Apache::Mod[auth_basic]/File[auth_basic.load]/ensure: defined content as '{md5}494bcf4b843f7908675d663d8dc1bdc8'[0m
[mNotice: /Stage[main]/Apache::Default_mods/Apache::Mod[authn_file]/File[authn_file.load]/ensure: defined content as '{md5}d41656680003d7b890267bb73621c60b'[0m
[mNotice: /Stage[main]/Apache::Default_mods/Apache::Mod[authn_alias]/File[authn_alias.load]/ensure: defined content as '{md5}58fea0bcb12624191c07106c359d1134'[0m
[mNotice: /Stage[main]/Apache::Default_mods/Apache::Mod[ext_filter]/File[ext_filter.load]/ensure: defined content as '{md5}76d5e0ac3411a4be57ac33ebe2e52ac8'[0m
[mNotice: /Stage[main]/Main/Apache::Vhost[localhost.localdomain]/Concat[10-localhost.localdomain.conf]/File[/var/lib/puppet/concat/10-localhost.localdomain.conf]/ensure: created[0m
[mNotice: /Stage[main]/Main/Apache::Vhost[localhost.localdomain]/Concat[10-localhost.localdomain.conf]/File[/var/lib/puppet/concat/10-localhost.localdomain.conf/fragments.concat.out]/ensure: created[0m
[mNotice: /Stage[main]/Main/Apache::Vhost[localhost.localdomain]/Concat[10-localhost.localdomain.conf]/File[/var/lib/puppet/concat/10-localhost.localdomain.conf/fragments.concat]/ensure: created[0m
[mNotice: /Stage[main]/Apache::Mod::Speling/Apache::Mod[speling]/File[speling.load]/ensure: defined content as '{md5}f82e9e6b871a276c324c9eeffcec8a61'[0m
[mNotice: /Stage[main]/Apache::Mod::Dir/Apache::Mod[dir]/File[dir.load]/ensure: defined content as '{md5}1bfb1c2a46d7351fc9eb47c659dee068'[0m
[mNotice: /Stage[main]/Apache::Mod::Dav_fs/Apache::Mod[dav_fs]/File[dav_fs.load]/ensure: defined content as '{md5}2996277c73b1cd684a9a3111c355e0d3'[0m
[mNotice: /Stage[main]/Main/Apache::Vhost[localhost.localdomain]/Concat[10-localhost.localdomain.conf]/File[/var/lib/puppet/concat/10-localhost.localdomain.conf/fragments]/ensure: created[0m
[mNotice: /Stage[main]/Main/Apache::Vhost[localhost.localdomain]/Concat::Fragment[localhost.localdomain-rack]/File[/var/lib/puppet/concat/10-localhost.localdomain.conf/fragments/140_localhost.localdomain-rack]/ensure: defined content as '{md5}fbb6632822a23ec9fc238f8925a9cf92'[0m
[mNotice: /Stage[main]/Main/Apache::Vhost[localhost.localdomain]/Concat::Fragment[localhost.localdomain-serversignature]/File[/var/lib/puppet/concat/10-localhost.localdomain.conf/fragments/80_localhost.localdomain-serversignature]/ensure: defined content as '{md5}9bf5a458783ab459e5043e1cdf671fa7'[0m
[mNotice: /Stage[main]/Main/Apache::Vhost[localhost.localdomain]/Concat::Fragment[localhost.localdomain-docroot]/File[/var/lib/puppet/concat/10-localhost.localdomain.conf/fragments/10_localhost.localdomain-docroot]/ensure: defined content as '{md5}1a67768d0abda9d27849295d9f8ba657'[0m
[mNotice: /Stage[main]/Main/Apache::Vhost[localhost.localdomain]/Concat::Fragment[localhost.localdomain-logging]/File[/var/lib/puppet/concat/10-localhost.localdomain.conf/fragments/70_localhost.localdomain-logging]/ensure: defined content as '{md5}e8e57248fca2c1715432eb62d7b46c3c'[0m
[mNotice: /Stage[main]/Main/Apache::Vhost[localhost.localdomain]/Concat::Fragment[localhost.localdomain-file_footer]/File[/var/lib/puppet/concat/10-localhost.localdomain.conf/fragments/999_localhost.localdomain-file_footer]/ensure: defined content as '{md5}e27b2525783e590ca1820f1e2118285d'[0m
[mNotice: /Stage[main]/Main/Apache::Vhost[localhost.localdomain]/Concat::Fragment[localhost.localdomain-directories]/File[/var/lib/puppet/concat/10-localhost.localdomain.conf/fragments/50_localhost.localdomain-directories]/ensure: defined content as '{md5}352689af242235f826b72bb34d3d1843'[0m
[mNotice: /Stage[main]/Main/Apache::Vhost[localhost.localdomain]/Concat::Fragment[localhost.localdomain-access_log]/File[/var/lib/puppet/concat/10-localhost.localdomain.conf/fragments/90_localhost.localdomain-access_log]/ensure: defined content as '{md5}f09f706780956e1ca003058fbb058659'[0m
[mNotice: /Stage[main]/Main/Apache::Vhost[localhost.localdomain]/Concat::Fragment[localhost.localdomain-apache-header]/File[/var/lib/puppet/concat/10-localhost.localdomain.conf/fragments/0_localhost.localdomain-apache-header]/ensure: defined content as '{md5}b853c4bafe59495a12247c0eefa0304c'[0m
[mNotice: /Stage[main]/Apache::Default_mods/Apache::Mod[include]/File[include.load]/ensure: defined content as '{md5}88095a914eedc3c2c184dd5d74c3954c'[0m
[mNotice: /Stage[main]/Apache::Mod::Alias/File[alias.conf]/ensure: defined content as '{md5}7c1f62cc583b16885ce93d449df6a3ce'[0m
[mNotice: /Stage[main]/Apache/Apache::Vhost[default]/Concat[15-default.conf]/File[/var/lib/puppet/concat/15-default.conf/fragments.concat.out]/ensure: created[0m
[mNotice: /Stage[main]/Apache::Default_mods/Apache::Mod[authn_default]/File[authn_default.load]/ensure: defined content as '{md5}871572d647c4604e3f91c3bed92f496e'[0m
[mNotice: /Stage[main]/Apache::Mod::Suexec/Apache::Mod[suexec]/File[suexec.load]/ensure: defined content as '{md5}c7d5c61c534ba423a79b0ae78ff9be35'[0m
[mNotice: /Stage[main]/Apache/Apache::Vhost[default]/Concat::Fragment[default-directories]/File[/var/lib/puppet/concat/15-default.conf/fragments/50_default-directories]/ensure: defined content as '{md5}a3aaff7138e5fd9a7913b9fac87a3109'[0m
[mNotice: /Stage[main]/Apache::Default_mods/Apache::Mod[substitute]/File[substitute.load]/ensure: defined content as '{md5}8077c34a71afcf41c8fc644830935915'[0m
[mNotice: /Stage[main]/Apache::Default_mods/Apache::Mod[auth_digest]/File[auth_digest.load]/ensure: defined content as '{md5}df9e85f8da0b239fe8e698ae7ead4f60'[0m
[mNotice: /Stage[main]/Apache::Default_mods/Apache::Mod[authz_default]/File[authz_default.load]/ensure: defined content as '{md5}bda328d6f1ccfb2d51610953a9352eeb'[0m
[mNotice: /Stage[main]/Apache::Mod::Deflate/Apache::Mod[deflate]/File[deflate.load]/ensure: defined content as '{md5}2d1a1afcae0c70557251829a8586eeaf'[0m
[mNotice: /Stage[main]/Apache::Mod::Autoindex/Apache::Mod[autoindex]/File[autoindex.load]/ensure: defined content as '{md5}515cdf5b573e961a60d2931d39248648'[0m
[mNotice: /Stage[main]/Apache::Default_mods/Apache::Mod[authn_anon]/File[authn_anon.load]/ensure: defined content as '{md5}bf57b94b5aec35476fc2a2dc3861f132'[0m
[mNotice: /Stage[main]/Apache::Mod::Autoindex/File[autoindex.conf]/ensure: defined content as '{md5}2421a3c6df32c7e38c2a7a22afdf5728'[0m
[mNotice: /Stage[main]/Apache/Apache::Vhost[default]/Concat::Fragment[default-logging]/File[/var/lib/puppet/concat/15-default.conf/fragments/70_default-logging]/ensure: defined content as '{md5}f202203ce2fe5d885160be988ff36151'[0m
[mNotice: /Stage[main]/Apache::Mod::Cache/Apache::Mod[cache]/File[cache.load]/ensure: defined content as '{md5}01e4d392225b518a65b0f7d6c4e21d29'[0m
[mNotice: /Stage[main]/Apache/Concat[/etc/httpd/conf/ports.conf]/File[/var/lib/puppet/concat/_etc_httpd_conf_ports.conf]/ensure: created[0m
[mNotice: /Stage[main]/Apache/Concat[/etc/httpd/conf/ports.conf]/File[/var/lib/puppet/concat/_etc_httpd_conf_ports.conf/fragments.concat.out]/ensure: created[0m
[mNotice: /Stage[main]/Apache/Concat[/etc/httpd/conf/ports.conf]/File[/var/lib/puppet/concat/_etc_httpd_conf_ports.conf/fragments]/ensure: created[0m
[mNotice: /Stage[main]/Apache/Concat::Fragment[Apache ports header]/File[/var/lib/puppet/concat/_etc_httpd_conf_ports.conf/fragments/10_Apache ports header]/ensure: defined content as '{md5}afe35cb5747574b700ebaa0f0b3a626e'[0m
[mNotice: /Stage[main]/Apache/Apache::Vhost[default]/Apache::Listen[80]/Concat::Fragment[Listen 80]/File[/var/lib/puppet/concat/_etc_httpd_conf_ports.conf/fragments/10_Listen 80]/ensure: defined content as '{md5}d5fcefc335117f400d451de47efeca87'[0m
[mNotice: /Stage[main]/Apache/Concat[/etc/httpd/conf/ports.conf]/File[/var/lib/puppet/concat/_etc_httpd_conf_ports.conf/fragments.concat]/ensure: created[0m
[mNotice: /Stage[main]/Apache/Apache::Vhost[default]/Apache::Namevirtualhost[*:80]/Concat::Fragment[NameVirtualHost *:80]/File[/var/lib/puppet/concat/_etc_httpd_conf_ports.conf/fragments/10_NameVirtualHost *_80]/ensure: defined content as '{md5}a6144f5815141f7fa494ea04970d6b11'[0m
[mNotice: /Stage[main]/Apache/Concat[/etc/httpd/conf/ports.conf]/Exec[concat_/etc/httpd/conf/ports.conf]/returns: executed successfully[0m
[mNotice: /Stage[main]/Apache/Concat[/etc/httpd/conf/ports.conf]/Exec[concat_/etc/httpd/conf/ports.conf]: Triggered 'refresh' from 5 events[0m
[mNotice: /Stage[main]/Apache/Concat[/etc/httpd/conf/ports.conf]/File[/etc/httpd/conf/ports.conf]/ensure: defined content as '{md5}ac3b658e433eba85f350d4068b0ef826'[0m
[mNotice: /Stage[main]/Apache::Mod::Rewrite/Apache::Mod[rewrite]/File[rewrite.load]/ensure: defined content as '{md5}26e2683352fc1599f29573ff0d934e79'[0m
[mNotice: /Stage[main]/Main/Apache::Vhost[localhost.localdomain]/Concat::Fragment[localhost.localdomain-serveralias]/File[/var/lib/puppet/concat/10-localhost.localdomain.conf/fragments/180_localhost.localdomain-serveralias]/ensure: defined content as '{md5}2a727ad857dd59b42adacaa7819ad907'[0m
[mNotice: /Stage[main]/Main/Apache::Vhost[localhost.localdomain]/Concat[10-localhost.localdomain.conf]/Exec[concat_10-localhost.localdomain.conf]/returns: executed successfully[0m
[mNotice: /Stage[main]/Main/Apache::Vhost[localhost.localdomain]/Concat[10-localhost.localdomain.conf]/Exec[concat_10-localhost.localdomain.conf]: Triggered 'refresh' from 11 events[0m
[mNotice: /Stage[main]/Apache::Default_mods/Apache::Mod[authz_host]/File[authz_host.load]/ensure: defined content as '{md5}d1045f54d2798499ca0f030ca0eef920'[0m
[mNotice: /Stage[main]/Apache/Apache::Vhost[default]/Concat::Fragment[default-access_log]/File[/var/lib/puppet/concat/15-default.conf/fragments/90_default-access_log]/ensure: defined content as '{md5}5e04878f71ab3811add55bcbb93b4d1c'[0m
[mNotice: /Stage[main]/Apache/Apache::Vhost[default]/Concat[15-default.conf]/Exec[concat_15-default.conf]/returns: executed successfully[0m
[mNotice: /Stage[main]/Apache/Apache::Vhost[default]/Concat[15-default.conf]/Exec[concat_15-default.conf]: Triggered 'refresh' from 9 events[0m
[mNotice: /Stage[main]/Apache::Mod::Mime_magic/File[mime_magic.conf]/ensure: defined content as '{md5}b258529b332429e2ff8344f726a95457'[0m
[mNotice: /Stage[main]/Apache::Mod::Mime_magic/Apache::Mod[mime_magic]/File[mime_magic.load]/ensure: defined content as '{md5}cb8670bb2fb352aac7ebf3a85d52094c'[0m
[mNotice: /Stage[main]/Apache::Mod::Dav_fs/File[dav_fs.conf]/ensure: defined content as '{md5}899a57534f3d84efa81887ec93c90c9b'[0m
[mNotice: /Stage[main]/Apache::Mod::Cgi/Apache::Mod[cgi]/File[cgi.load]/ensure: defined content as '{md5}ac20c5c5779b37ab06b480d6485a0881'[0m
[mNotice: /Stage[main]/Rbenv::Dependencies::Centos/Package[gettext]/ensure: created[0m
[mNotice: /Stage[main]/Main/Rbenv::Install[appuser1]/Exec[rbenv::checkout appuser1]/returns: executed successfully[0m
[mNotice: /Stage[main]/Main/Rbenv::Compile[1.9.3-p484]/Rbenv::Plugin::Rubybuild[rbenv::rubybuild::appuser1]/Rbenv::Plugin[rbenv::plugin::rubybuild::appuser1]/File[rbenv::plugins appuser1]/ensure: created[0m
[mNotice: /Stage[main]/Main/Rbenv::Install[appuser1]/File[rbenv::rbenvrc appuser1]/ensure: defined content as '{md5}045cd791c8c4b6dac4ac1a70cdafc593'[0m
[mNotice: /Stage[main]/Main/Rbenv::Compile[1.9.3-p484]/Rbenv::Plugin::Rubybuild[rbenv::rubybuild::appuser1]/Rbenv::Plugin[rbenv::plugin::rubybuild::appuser1]/Exec[rbenv::plugin::checkout appuser1 ruby-build]/returns: executed successfully[0m
[mNotice: /Stage[main]/Main/Rbenv::Install[appuser1]/Exec[rbenv::shrc appuser1]/returns: executed successfully[0m
[mNotice: /Stage[main]/Main/Rbenv::Compile[1.9.3-p484]/Rbenv::Plugin::Rubybuild[rbenv::rubybuild::appuser1]/Rbenv::Plugin[rbenv::plugin::rubybuild::appuser1]/Exec[rbenv::plugin::update appuser1 ruby-build]/returns: executed successfully[0m
[mNotice: /Stage[main]/Main/Rbenv::Compile[1.9.3-p484]/Exec[rbenv::compile appuser1 1.9.3-p484]/returns: executed successfully[0m
[mNotice: /Stage[main]/Main/Rbenv::Gem[passenger]/Rbenvgem[appuser1/1.9.3-p484/passenger/4.0.52]/ensure: created[0m
[mNotice: /Stage[main]/Main/Rbenv::Compile[1.9.3-p484]/File[rbenv::global appuser1]/ensure: defined content as '{md5}dd6b229649827429acefd1ed44ac0b66'[0m
[mNotice: /Stage[main]/Main/Rbenv::Compile[1.9.3-p484]/Exec[rbenv::rehash appuser1 1.9.3-p484]/returns: executed successfully[0m
[mNotice: /Stage[main]/Main/Rbenv::Compile[1.9.3-p484]/Rbenv::Gem[rbenv::bundler appuser1 1.9.3-p484]/Rbenvgem[appuser1/1.9.3-p484/bundler/present]/ensure: created[0m
[mNotice: /Stage[main]/Main/Rbenv::Gem[tilt]/Rbenvgem[appuser1/1.9.3-p484/tilt/1.4.1]/ensure: created[0m
[mNotice: /Stage[main]/Main/Exec[appclone]/returns: executed successfully[0m
[mNotice: /Stage[main]/Main/File[/home/appuser1/localhost.localdomain/simple-sinatra/public]/ensure: created[0m
[mNotice: /Stage[main]/Main/Rbenv::Gem[rack-protection]/Rbenvgem[appuser1/1.9.3-p484/rack-protection/1.5.3]/ensure: created[0m
[mNotice: /Stage[main]/Main/Rbenv::Gem[sinatra]/Rbenvgem[appuser1/1.9.3-p484/sinatra/1.4.5]/ensure: created[0m
[mNotice: /Stage[main]/Main/Rbenv::Install[appuser1]/File[rbenv::cache-dir appuser1]/ensure: created[0m
[mNotice: /Stage[main]/Main/Exec[passenger-install-apache2-module -a]/returns: executed successfully[0m
[mNotice: /Stage[main]/Apache::Mod::Passenger/File[passenger.conf]/ensure: defined content as '{md5}15c98e412e9bdc72dbf3073be94d045d'[0m
[mNotice: /Stage[main]/Apache::Mod::Passenger/Apache::Mod[passenger]/File[passenger.load]/ensure: defined content as '{md5}64359d5adbbfb8a64b91d1caccaa2df3'[0m
[mNotice: /Stage[main]/Apache/File[/etc/httpd/conf.d/welcome.conf]/ensure: removed[0m
[mNotice: /Stage[main]/Apache/File[/etc/httpd/conf.d/README]/ensure: removed[0m
[mNotice: /Stage[main]/Main/Apache::Vhost[localhost.localdomain]/Concat[10-localhost.localdomain.conf]/File[10-localhost.localdomain.conf]/ensure: defined content as '{md5}8a0d6a25e67ef8c0441efdd9740dd232'[0m
[mNotice: /Stage[main]/Apache/Apache::Vhost[default]/Concat[15-default.conf]/File[15-default.conf]/ensure: defined content as '{md5}fe70d9cd99b6ac2335bd74c41e256411'[0m
[mNotice: /Stage[main]/Apache::Service/Service[httpd]/ensure: ensure changed 'stopped' to 'running'[0m
[mNotice: Finished catalog run in 527.97 seconds[0m
